<?xml version="1.0" encoding="UTF-8"?>
<!-- Generated by org.testng.reporters.JUnitReportReporter -->
<testsuite hostname="DESKTOP-NLD5HU1" name="com.eprocbiling.qa.testcases.PurchasesPageTest" tests="4" failures="0" timestamp="1 Sep 2019 09:16:07 GMT" time="93.252" errors="0">
  <testcase name="purchaseOrderInquiryLinkTest" time="22.624" classname="com.eprocbiling.qa.testcases.PurchasesPageTest"/>
  <testcase name="purchasesPageTitleTest" time="32.312" classname="com.eprocbiling.qa.testcases.PurchasesPageTest"/>
  <testcase name="transactionImageTest" time="11.955" classname="com.eprocbiling.qa.testcases.PurchasesPageTest"/>
  <testcase name="newPurchaseLinkTest" time="26.361" classname="com.eprocbiling.qa.testcases.PurchasesPageTest"/>
</testsuite> <!-- com.eprocbiling.qa.testcases.PurchasesPageTest -->
