<?xml version="1.0" encoding="UTF-8"?>
<!-- Generated by org.testng.reporters.JUnitReportReporter -->
<testsuite hostname="DESKTOP-NLD5HU1" name="com.eprocbiling.qa.testcases.HomePageTest" tests="3" failures="0" timestamp="1 Sep 2019 09:16:07 GMT" time="38.182" errors="0">
  <testcase name="logOutLinkTest" time="12.780" classname="com.eprocbiling.qa.testcases.HomePageTest"/>
  <testcase name="customerPageLinkTest" time="13.241" classname="com.eprocbiling.qa.testcases.HomePageTest"/>
  <testcase name="homePageTitle" time="12.161" classname="com.eprocbiling.qa.testcases.HomePageTest"/>
</testsuite> <!-- com.eprocbiling.qa.testcases.HomePageTest -->
