<?xml version="1.0" encoding="UTF-8"?>
<!-- Generated by org.testng.reporters.JUnitReportReporter -->
<testsuite hostname="DESKTOP-NLD5HU1" name="com.eprocbiling.qa.testcases.CustomerPageTest" tests="5" failures="0" timestamp="1 Sep 2019 09:16:07 GMT" time="106.886" errors="0">
  <testcase name="customerLabelTest" time="11.888" classname="com.eprocbiling.qa.testcases.CustomerPageTest"/>
  <testcase name="searchCustomerFromTableTest" time="45.774" classname="com.eprocbiling.qa.testcases.CustomerPageTest"/>
  <testcase name="addNewCustomerLinkTest" time="15.753" classname="com.eprocbiling.qa.testcases.CustomerPageTest"/>
  <testcase name="AddNewCustomerTest" time="19.313" classname="com.eprocbiling.qa.testcases.CustomerPageTest"/>
  <testcase name="searchCustomerLabelTest" time="14.158" classname="com.eprocbiling.qa.testcases.CustomerPageTest"/>
</testsuite> <!-- com.eprocbiling.qa.testcases.CustomerPageTest -->
