<?xml version="1.0" encoding="UTF-8"?>
<!-- Generated by org.testng.reporters.JUnitReportReporter -->
<testsuite hostname="DESKTOP-NLD5HU1" name="com.eprocbiling.qa.testcases.NewPurchaseOrderPageTest" tests="1" failures="0" timestamp="1 Sep 2019 13:33:31 GMT" time="34.888" errors="0">
  <testcase name="tableDataClickSuccessfulTest" time="34.888" classname="com.eprocbiling.qa.testcases.NewPurchaseOrderPageTest"/>
</testsuite> <!-- com.eprocbiling.qa.testcases.NewPurchaseOrderPageTest -->
