<?xml version="1.0" encoding="UTF-8"?>
<!-- Generated by org.testng.reporters.JUnitReportReporter -->
<testsuite hostname="DESKTOP-NLD5HU1" name="com.eprocbiling.qa.testcases.AddNewCustomerPageTest" tests="2" failures="0" timestamp="1 Sep 2019 09:16:07 GMT" time="30.750" errors="0">
  <testcase name="customerPageTitleTest" time="15.792" classname="com.eprocbiling.qa.testcases.AddNewCustomerPageTest"/>
  <testcase name="customerMaintanceLabel" time="14.958" classname="com.eprocbiling.qa.testcases.AddNewCustomerPageTest"/>
</testsuite> <!-- com.eprocbiling.qa.testcases.AddNewCustomerPageTest -->
